<?xml version="1.0" encoding="UTF-8"?>
<!-- Generated by org.testng.reporters.JUnitReportReporter -->
<testsuite hostname="MSI" failures="0" tests="1" name="VTIGER.DDT.Product.ProductCreateDeleteTest" time="31.717" errors="0" timestamp="2025-03-12T20:42:45 IST" skipped="0">
  <testcase classname="VTIGER.DDT.Product.ProductCreateDeleteTest" name="productCreateDelete" time="31.717"/>
  <system-out/>
</testsuite> <!-- VTIGER.DDT.Product.ProductCreateDeleteTest -->
