<?xml version="1.0" encoding="UTF-8"?>
<!-- Generated by org.testng.reporters.JUnitReportReporter -->
<testsuite hostname="MSI" failures="0" tests="1" name="VTIGER.DDT.Campaign.CreateCampaignTest" time="21.835" errors="0" timestamp="2025-03-12T20:42:45 IST" skipped="0">
  <testcase classname="VTIGER.DDT.Campaign.CreateCampaignTest" name="createCampaign" time="21.835"/>
  <system-out/>
</testsuite> <!-- VTIGER.DDT.Campaign.CreateCampaignTest -->
